c:\users\azamat\source\repos\ig5\x64\release\vc142.pdb
c:\users\azamat\source\repos\ig5\x64\release\time.obj
c:\users\azamat\source\repos\ig5\x64\release\texture.obj
c:\users\azamat\source\repos\ig5\x64\release\technique.obj
c:\users\azamat\source\repos\ig5\x64\release\skybox_technique.obj
c:\users\azamat\source\repos\ig5\x64\release\skybox.obj
c:\users\azamat\source\repos\ig5\x64\release\shadow_map_technique.obj
c:\users\azamat\source\repos\ig5\x64\release\shadow_map_fbo.obj
c:\users\azamat\source\repos\ig5\x64\release\random_texture.obj
c:\users\azamat\source\repos\ig5\x64\release\ps_update_technique.obj
c:\users\azamat\source\repos\ig5\x64\release\pipeline.obj
c:\users\azamat\source\repos\ig5\x64\release\particle_system.obj
c:\users\azamat\source\repos\ig5\x64\release\mesh.obj
c:\users\azamat\source\repos\ig5\x64\release\math_3d.obj
c:\users\azamat\source\repos\ig5\x64\release\lighting_technique.obj
c:\users\azamat\source\repos\ig5\x64\release\ig5.obj
c:\users\azamat\source\repos\ig5\x64\release\glut_backend.obj
c:\users\azamat\source\repos\ig5\x64\release\cubemap_texture.obj
c:\users\azamat\source\repos\ig5\x64\release\camera.obj
c:\users\azamat\source\repos\ig5\x64\release\billboard_technique.obj
c:\users\azamat\source\repos\ig5\x64\release\billboard_list.obj
c:\users\azamat\source\repos\ig5\x64\release\ig5.ipdb
c:\users\azamat\source\repos\ig5\x64\release\ig5.iobj
c:\users\azamat\source\repos\ig5\x64\release\ig5.exe
c:\users\azamat\source\repos\ig5\x64\release\ig5.pdb
c:\users\azamat\source\repos\ig5\x64\release\ig5.tlog\cl.command.1.tlog
c:\users\azamat\source\repos\ig5\x64\release\ig5.tlog\cl.read.1.tlog
c:\users\azamat\source\repos\ig5\x64\release\ig5.tlog\cl.write.1.tlog
c:\users\azamat\source\repos\ig5\x64\release\ig5.tlog\ig5.write.1u.tlog
c:\users\azamat\source\repos\ig5\x64\release\ig5.tlog\link.command.1.tlog
c:\users\azamat\source\repos\ig5\x64\release\ig5.tlog\link.read.1.tlog
c:\users\azamat\source\repos\ig5\x64\release\ig5.tlog\link.write.1.tlog
